

Version:	3.50
CmdLine:	C:\Users\Ahmad\Desktop\FILES\My Apps\FLD Floating Dictionary - Window Version\FLD Floating Dictionary - Window Version.exe --l4j-debug
JNI:		No
WOW64:		Yes
Working dir:	C:\Users\Ahmad\Desktop\FILES\My Apps\FLD Floating Dictionary - Window Version\.
Requires JDK:	No
Requires 64-Bit: No
Java min ver:	
Java max ver:	
Substitute:	JAVA_HOME = C:\Program Files\Java\jdk-19
Substitute:	PATH = C:\Program Files\Common Files\Oracle\Java\javapath;C:\Windows\system32;C:\Windows;C:\Windows\System32\Wbem;C:\Windows\System32\WindowsPowerShell\v1.0\;C:\Windows\System32\OpenSSH\;C:\Program Files\Git\cmd;C:\Program Files\Java\jdk-19\bin;;C:\Program Files\Git LFS;C:\Users\Ahmad\AppData\Local\Microsoft\WindowsApps;C:\Users\Ahmad\AppData\Local\Programs\Microsoft VS Code\bin;C:\Program Files\Java\jdk-19\bin
JRE paths:	C:\Program Files\Java\jdk-19;C:\Program Files\Common Files\Oracle\Java\javapath;C:\Windows\system32;C:\Windows;C:\Windows\System32\Wbem;C:\Windows\System32\WindowsPowerShell\v1.0\;C:\Windows\System32\OpenSSH\;C:\Program Files\Git\cmd;C:\Program Files\Java\jdk-19\bin;;C:\Program Files\Git LFS;C:\Users\Ahmad\AppData\Local\Microsoft\WindowsApps;C:\Users\Ahmad\AppData\Local\Programs\Microsoft VS Code\bin;C:\Program Files\Java\jdk-19\bin
Check launcher:	C:\Program Files\Java\jdk-19\bin\javaw.exe (OK)
Version string: 1.019.000_001 / 64-Bit (OK)
Launcher:	C:\Program Files\Java\jdk-19\bin\javaw.exe
Launcher args:	-jar "C:\Users\Ahmad\Desktop\FILES\My Apps\FLD Floating Dictionary - Window Version\FLD Floating Dictionary - Window Version.exe"
Args length:	129/32768 chars
Exit code:	0


Version:	3.50
CmdLine:	C:\Users\Ahmad\Desktop\FILES\My Apps\FLD Floating Dictionary - Window Version\FLD Floating Dictionary - Window Version.exe --l4j-debug
JNI:		No
WOW64:		Yes
Working dir:	C:\Users\Ahmad\Desktop\FILES\My Apps\FLD Floating Dictionary - Window Version\.
Requires JDK:	No
Requires 64-Bit: No
Java min ver:	
Java max ver:	
Substitute:	JAVA_HOME = C:\Program Files\Java\jdk-19
Substitute:	PATH = C:\Program Files\Common Files\Oracle\Java\javapath;C:\Windows\system32;C:\Windows;C:\Windows\System32\Wbem;C:\Windows\System32\WindowsPowerShell\v1.0\;C:\Windows\System32\OpenSSH\;C:\Program Files\Git\cmd;C:\Program Files\Java\jdk-19\bin;;C:\Program Files\Git LFS;C:\Users\Ahmad\AppData\Local\Microsoft\WindowsApps;C:\Users\Ahmad\AppData\Local\Programs\Microsoft VS Code\bin;C:\Program Files\Java\jdk-19\bin
JRE paths:	C:\Program Files\Java\jdk-19;C:\Program Files\Common Files\Oracle\Java\javapath;C:\Windows\system32;C:\Windows;C:\Windows\System32\Wbem;C:\Windows\System32\WindowsPowerShell\v1.0\;C:\Windows\System32\OpenSSH\;C:\Program Files\Git\cmd;C:\Program Files\Java\jdk-19\bin;;C:\Program Files\Git LFS;C:\Users\Ahmad\AppData\Local\Microsoft\WindowsApps;C:\Users\Ahmad\AppData\Local\Programs\Microsoft VS Code\bin;C:\Program Files\Java\jdk-19\bin
Check launcher:	C:\Program Files\Java\jdk-19\bin\javaw.exe (OK)
Version string: 1.019.000_001 / 64-Bit (OK)
Launcher:	C:\Program Files\Java\jdk-19\bin\javaw.exe
Launcher args:	-jar "C:\Users\Ahmad\Desktop\FILES\My Apps\FLD Floating Dictionary - Window Version\FLD Floating Dictionary - Window Version.exe"
Args length:	129/32768 chars
Exit code:	0


Version:	3.50
CmdLine:	C:\Users\Ahmad\Desktop\FILES\My Apps\FLD Floating Dictionary - Window Version\FLD Floating Dictionary - Window Version.exe --l4j-debug
JNI:		No
WOW64:		Yes
Working dir:	C:\Users\Ahmad\Desktop\FILES\My Apps\FLD Floating Dictionary - Window Version\.
Requires JDK:	No
Requires 64-Bit: No
Java min ver:	
Java max ver:	
Substitute:	JAVA_HOME = C:\Program Files\Java\jdk-19
Substitute:	PATH = C:\Program Files\Common Files\Oracle\Java\javapath;C:\Windows\system32;C:\Windows;C:\Windows\System32\Wbem;C:\Windows\System32\WindowsPowerShell\v1.0\;C:\Windows\System32\OpenSSH\;C:\Program Files\Git\cmd;C:\Program Files\Java\jdk-19\bin;;C:\Program Files\Git LFS;C:\Users\Ahmad\AppData\Local\Microsoft\WindowsApps;C:\Users\Ahmad\AppData\Local\Programs\Microsoft VS Code\bin;C:\Program Files\Java\jdk-19\bin
JRE paths:	C:\Program Files\Java\jdk-19;C:\Program Files\Common Files\Oracle\Java\javapath;C:\Windows\system32;C:\Windows;C:\Windows\System32\Wbem;C:\Windows\System32\WindowsPowerShell\v1.0\;C:\Windows\System32\OpenSSH\;C:\Program Files\Git\cmd;C:\Program Files\Java\jdk-19\bin;;C:\Program Files\Git LFS;C:\Users\Ahmad\AppData\Local\Microsoft\WindowsApps;C:\Users\Ahmad\AppData\Local\Programs\Microsoft VS Code\bin;C:\Program Files\Java\jdk-19\bin
Check launcher:	C:\Program Files\Java\jdk-19\bin\javaw.exe (OK)
Version string: 1.019.000_001 / 64-Bit (OK)
Launcher:	C:\Program Files\Java\jdk-19\bin\javaw.exe
Launcher args:	-jar "C:\Users\Ahmad\Desktop\FILES\My Apps\FLD Floating Dictionary - Window Version\FLD Floating Dictionary - Window Version.exe"
Args length:	129/32768 chars
Exit code:	0


Version:	3.50
CmdLine:	C:\Users\Ahmad\Desktop\FILES\My Apps\FLD Floating Dictionary - Window Version\FLD Floating Dictionary - Window Version.exe --l4j-debug
JNI:		No
WOW64:		Yes
Working dir:	C:\Users\Ahmad\Desktop\FILES\My Apps\FLD Floating Dictionary - Window Version\.
Requires JDK:	No
Requires 64-Bit: No
Java min ver:	
Java max ver:	
Substitute:	JAVA_HOME = C:\Program Files\Java\jdk-19
Substitute:	PATH = C:\Program Files\Common Files\Oracle\Java\javapath;C:\Windows\system32;C:\Windows;C:\Windows\System32\Wbem;C:\Windows\System32\WindowsPowerShell\v1.0\;C:\Windows\System32\OpenSSH\;C:\Program Files\Git\cmd;C:\Program Files\Java\jdk-19\bin;;C:\Program Files\Git LFS;C:\Users\Ahmad\AppData\Local\Microsoft\WindowsApps;C:\Users\Ahmad\AppData\Local\Programs\Microsoft VS Code\bin;C:\Program Files\Java\jdk-19\bin
JRE paths:	C:\Program Files\Java\jdk-19;C:\Program Files\Common Files\Oracle\Java\javapath;C:\Windows\system32;C:\Windows;C:\Windows\System32\Wbem;C:\Windows\System32\WindowsPowerShell\v1.0\;C:\Windows\System32\OpenSSH\;C:\Program Files\Git\cmd;C:\Program Files\Java\jdk-19\bin;;C:\Program Files\Git LFS;C:\Users\Ahmad\AppData\Local\Microsoft\WindowsApps;C:\Users\Ahmad\AppData\Local\Programs\Microsoft VS Code\bin;C:\Program Files\Java\jdk-19\bin
Check launcher:	C:\Program Files\Java\jdk-19\bin\javaw.exe (OK)
Version string: 1.019.000_001 / 64-Bit (OK)
Launcher:	C:\Program Files\Java\jdk-19\bin\javaw.exe
Launcher args:	-jar "C:\Users\Ahmad\Desktop\FILES\My Apps\FLD Floating Dictionary - Window Version\FLD Floating Dictionary - Window Version.exe"
Args length:	129/32768 chars
Exit code:	0


Version:	3.50
CmdLine:	C:\Users\Ahmad\Desktop\FILES\My Apps\FLD Floating Dictionary - Window Version\FLD Floating Dictionary - Window Version.exe --l4j-debug
JNI:		No
WOW64:		Yes
Working dir:	C:\Users\Ahmad\Desktop\FILES\My Apps\FLD Floating Dictionary - Window Version\.
Requires JDK:	No
Requires 64-Bit: No
Java min ver:	
Java max ver:	
Substitute:	JAVA_HOME = C:\Program Files\Java\jdk-19
Substitute:	PATH = C:\Program Files\Common Files\Oracle\Java\javapath;C:\Windows\system32;C:\Windows;C:\Windows\System32\Wbem;C:\Windows\System32\WindowsPowerShell\v1.0\;C:\Windows\System32\OpenSSH\;C:\Program Files\Git\cmd;C:\Program Files\Java\jdk-19\bin;;C:\Program Files\Git LFS;C:\Users\Ahmad\AppData\Local\Microsoft\WindowsApps;C:\Users\Ahmad\AppData\Local\Programs\Microsoft VS Code\bin;C:\Program Files\Java\jdk-19\bin
JRE paths:	C:\Program Files\Java\jdk-19;C:\Program Files\Common Files\Oracle\Java\javapath;C:\Windows\system32;C:\Windows;C:\Windows\System32\Wbem;C:\Windows\System32\WindowsPowerShell\v1.0\;C:\Windows\System32\OpenSSH\;C:\Program Files\Git\cmd;C:\Program Files\Java\jdk-19\bin;;C:\Program Files\Git LFS;C:\Users\Ahmad\AppData\Local\Microsoft\WindowsApps;C:\Users\Ahmad\AppData\Local\Programs\Microsoft VS Code\bin;C:\Program Files\Java\jdk-19\bin
Check launcher:	C:\Program Files\Java\jdk-19\bin\javaw.exe (OK)
Version string: 1.019.000_001 / 64-Bit (OK)
Launcher:	C:\Program Files\Java\jdk-19\bin\javaw.exe
Launcher args:	-jar "C:\Users\Ahmad\Desktop\FILES\My Apps\FLD Floating Dictionary - Window Version\FLD Floating Dictionary - Window Version.exe"
Args length:	129/32768 chars
Exit code:	0


Version:	3.50
CmdLine:	C:\Users\Ahmad\Desktop\FILES\My Apps\FLD Floating Dictionary - Window Version\FLD Floating Dictionary - Window Version.exe --l4j-debug
JNI:		No
WOW64:		Yes
Working dir:	C:\Users\Ahmad\Desktop\FILES\My Apps\FLD Floating Dictionary - Window Version\.
Requires JDK:	No
Requires 64-Bit: No
Java min ver:	
Java max ver:	
Substitute:	JAVA_HOME = C:\Program Files\Java\jdk-19
Substitute:	PATH = C:\Program Files\Common Files\Oracle\Java\javapath;C:\Windows\system32;C:\Windows;C:\Windows\System32\Wbem;C:\Windows\System32\WindowsPowerShell\v1.0\;C:\Windows\System32\OpenSSH\;C:\Program Files\Git\cmd;C:\Program Files\Java\jdk-19\bin;;C:\Program Files\Git LFS;C:\Users\Ahmad\AppData\Local\Microsoft\WindowsApps;C:\Users\Ahmad\AppData\Local\Programs\Microsoft VS Code\bin;C:\Program Files\Java\jdk-19\bin
JRE paths:	C:\Program Files\Java\jdk-19;C:\Program Files\Common Files\Oracle\Java\javapath;C:\Windows\system32;C:\Windows;C:\Windows\System32\Wbem;C:\Windows\System32\WindowsPowerShell\v1.0\;C:\Windows\System32\OpenSSH\;C:\Program Files\Git\cmd;C:\Program Files\Java\jdk-19\bin;;C:\Program Files\Git LFS;C:\Users\Ahmad\AppData\Local\Microsoft\WindowsApps;C:\Users\Ahmad\AppData\Local\Programs\Microsoft VS Code\bin;C:\Program Files\Java\jdk-19\bin
Check launcher:	C:\Program Files\Java\jdk-19\bin\javaw.exe (OK)
Version string: 1.019.000_001 / 64-Bit (OK)
Launcher:	C:\Program Files\Java\jdk-19\bin\javaw.exe
Launcher args:	-jar "C:\Users\Ahmad\Desktop\FILES\My Apps\FLD Floating Dictionary - Window Version\FLD Floating Dictionary - Window Version.exe"
Args length:	129/32768 chars
Exit code:	0


Version:	3.50
CmdLine:	C:\Users\Ahmad\Desktop\FILES\My Apps\FLD Floating Dictionary - Window Version\FLD Floating Dictionary - Window Version.exe --l4j-debug
JNI:		No
WOW64:		Yes
Working dir:	C:\Users\Ahmad\Desktop\FILES\My Apps\FLD Floating Dictionary - Window Version\.
Requires JDK:	No
Requires 64-Bit: No
Java min ver:	
Java max ver:	
Substitute:	JAVA_HOME = C:\Program Files\Java\jdk-19
Substitute:	PATH = C:\Program Files\Common Files\Oracle\Java\javapath;C:\Windows\system32;C:\Windows;C:\Windows\System32\Wbem;C:\Windows\System32\WindowsPowerShell\v1.0\;C:\Windows\System32\OpenSSH\;C:\Program Files\Git\cmd;C:\Program Files\Java\jdk-19\bin;;C:\Program Files\Git LFS;C:\Users\Ahmad\AppData\Local\Microsoft\WindowsApps;C:\Users\Ahmad\AppData\Local\Programs\Microsoft VS Code\bin;C:\Program Files\Java\jdk-19\bin
JRE paths:	C:\Program Files\Java\jdk-19;C:\Program Files\Common Files\Oracle\Java\javapath;C:\Windows\system32;C:\Windows;C:\Windows\System32\Wbem;C:\Windows\System32\WindowsPowerShell\v1.0\;C:\Windows\System32\OpenSSH\;C:\Program Files\Git\cmd;C:\Program Files\Java\jdk-19\bin;;C:\Program Files\Git LFS;C:\Users\Ahmad\AppData\Local\Microsoft\WindowsApps;C:\Users\Ahmad\AppData\Local\Programs\Microsoft VS Code\bin;C:\Program Files\Java\jdk-19\bin
Check launcher:	C:\Program Files\Java\jdk-19\bin\javaw.exe (OK)
Version string: 1.019.000_001 / 64-Bit (OK)
Launcher:	C:\Program Files\Java\jdk-19\bin\javaw.exe
Launcher args:	-jar "C:\Users\Ahmad\Desktop\FILES\My Apps\FLD Floating Dictionary - Window Version\FLD Floating Dictionary - Window Version.exe"
Args length:	129/32768 chars
Exit code:	0


Version:	3.50
CmdLine:	C:\Users\Ahmad\Desktop\FILES\My Apps\FLD Floating Dictionary - Window Version\FLD Floating Dictionary - Window Version.exe --l4j-debug
JNI:		No
WOW64:		Yes
Working dir:	C:\Users\Ahmad\Desktop\FILES\My Apps\FLD Floating Dictionary - Window Version\.
Requires JDK:	No
Requires 64-Bit: No
Java min ver:	
Java max ver:	
Substitute:	JAVA_HOME = C:\Program Files\Java\jdk-19
Substitute:	PATH = C:\Program Files\Common Files\Oracle\Java\javapath;C:\Windows\system32;C:\Windows;C:\Windows\System32\Wbem;C:\Windows\System32\WindowsPowerShell\v1.0\;C:\Windows\System32\OpenSSH\;C:\Program Files\Git\cmd;C:\Program Files\Java\jdk-19\bin;;C:\Program Files\Git LFS;C:\Users\Ahmad\AppData\Local\Microsoft\WindowsApps;C:\Users\Ahmad\AppData\Local\Programs\Microsoft VS Code\bin;C:\Program Files\Java\jdk-19\bin
JRE paths:	C:\Program Files\Java\jdk-19;C:\Program Files\Common Files\Oracle\Java\javapath;C:\Windows\system32;C:\Windows;C:\Windows\System32\Wbem;C:\Windows\System32\WindowsPowerShell\v1.0\;C:\Windows\System32\OpenSSH\;C:\Program Files\Git\cmd;C:\Program Files\Java\jdk-19\bin;;C:\Program Files\Git LFS;C:\Users\Ahmad\AppData\Local\Microsoft\WindowsApps;C:\Users\Ahmad\AppData\Local\Programs\Microsoft VS Code\bin;C:\Program Files\Java\jdk-19\bin
Check launcher:	C:\Program Files\Java\jdk-19\bin\javaw.exe (OK)
Version string: 1.019.000_001 / 64-Bit (OK)
Launcher:	C:\Program Files\Java\jdk-19\bin\javaw.exe
Launcher args:	-jar "C:\Users\Ahmad\Desktop\FILES\My Apps\FLD Floating Dictionary - Window Version\FLD Floating Dictionary - Window Version.exe"
Args length:	129/32768 chars
Exit code:	0


Version:	3.50
CmdLine:	C:\Users\Ahmad\Desktop\FILES\My Apps\FLD Floating Dictionary - Window Version\FLD Floating Dictionary - Window Version.exe --l4j-debug
JNI:		No
WOW64:		Yes
Working dir:	C:\Users\Ahmad\Desktop\FILES\My Apps\FLD Floating Dictionary - Window Version\.
Requires JDK:	No
Requires 64-Bit: No
Java min ver:	
Java max ver:	
Substitute:	JAVA_HOME = C:\Program Files\Java\jdk-19
Substitute:	PATH = C:\Program Files\Common Files\Oracle\Java\javapath;C:\Windows\system32;C:\Windows;C:\Windows\System32\Wbem;C:\Windows\System32\WindowsPowerShell\v1.0\;C:\Windows\System32\OpenSSH\;C:\Program Files\Git\cmd;C:\Program Files\Java\jdk-19\bin;;C:\Program Files\Git LFS;C:\Users\Ahmad\AppData\Local\Microsoft\WindowsApps;C:\Users\Ahmad\AppData\Local\Programs\Microsoft VS Code\bin;C:\Program Files\Java\jdk-19\bin
JRE paths:	C:\Program Files\Java\jdk-19;C:\Program Files\Common Files\Oracle\Java\javapath;C:\Windows\system32;C:\Windows;C:\Windows\System32\Wbem;C:\Windows\System32\WindowsPowerShell\v1.0\;C:\Windows\System32\OpenSSH\;C:\Program Files\Git\cmd;C:\Program Files\Java\jdk-19\bin;;C:\Program Files\Git LFS;C:\Users\Ahmad\AppData\Local\Microsoft\WindowsApps;C:\Users\Ahmad\AppData\Local\Programs\Microsoft VS Code\bin;C:\Program Files\Java\jdk-19\bin
Check launcher:	C:\Program Files\Java\jdk-19\bin\javaw.exe (OK)
Version string: 1.019.000_001 / 64-Bit (OK)
Launcher:	C:\Program Files\Java\jdk-19\bin\javaw.exe
Launcher args:	-jar "C:\Users\Ahmad\Desktop\FILES\My Apps\FLD Floating Dictionary - Window Version\FLD Floating Dictionary - Window Version.exe"
Args length:	129/32768 chars
Exit code:	0


Version:	3.50
CmdLine:	C:\Users\Ahmad\Desktop\FILES\My Apps\FLD Floating Dictionary - Window Version\FLD Floating Dictionary - Window Version.exe --l4j-debug
JNI:		No
WOW64:		Yes
Working dir:	C:\Users\Ahmad\Desktop\FILES\My Apps\FLD Floating Dictionary - Window Version\.
Requires JDK:	No
Requires 64-Bit: No
Java min ver:	
Java max ver:	
Substitute:	JAVA_HOME = C:\Program Files\Java\jdk-19
Substitute:	PATH = C:\Program Files\Common Files\Oracle\Java\javapath;C:\Windows\system32;C:\Windows;C:\Windows\System32\Wbem;C:\Windows\System32\WindowsPowerShell\v1.0\;C:\Windows\System32\OpenSSH\;C:\Program Files\Git\cmd;C:\Program Files\Java\jdk-19\bin;;C:\Program Files\Git LFS;C:\Users\Ahmad\AppData\Local\Microsoft\WindowsApps;C:\Users\Ahmad\AppData\Local\Programs\Microsoft VS Code\bin;C:\Program Files\Java\jdk-19\bin
JRE paths:	C:\Program Files\Java\jdk-19;C:\Program Files\Common Files\Oracle\Java\javapath;C:\Windows\system32;C:\Windows;C:\Windows\System32\Wbem;C:\Windows\System32\WindowsPowerShell\v1.0\;C:\Windows\System32\OpenSSH\;C:\Program Files\Git\cmd;C:\Program Files\Java\jdk-19\bin;;C:\Program Files\Git LFS;C:\Users\Ahmad\AppData\Local\Microsoft\WindowsApps;C:\Users\Ahmad\AppData\Local\Programs\Microsoft VS Code\bin;C:\Program Files\Java\jdk-19\bin
Check launcher:	C:\Program Files\Java\jdk-19\bin\javaw.exe (OK)
Version string: 1.019.000_001 / 64-Bit (OK)
Launcher:	C:\Program Files\Java\jdk-19\bin\javaw.exe
Launcher args:	-jar "C:\Users\Ahmad\Desktop\FILES\My Apps\FLD Floating Dictionary - Window Version\FLD Floating Dictionary - Window Version.exe"
Args length:	129/32768 chars
Exit code:	0


Version:	3.50
CmdLine:	C:\Users\Ahmad\Desktop\FILES\My Apps\FLD Floating Dictionary - Window Version\FLD Floating Dictionary - Window Version.exe --l4j-debug
JNI:		No
WOW64:		Yes
Working dir:	C:\Users\Ahmad\Desktop\FILES\My Apps\FLD Floating Dictionary - Window Version\.
Requires JDK:	No
Requires 64-Bit: No
Java min ver:	
Java max ver:	
Substitute:	JAVA_HOME = C:\Program Files\Java\jdk-19
Substitute:	PATH = C:\Program Files\Common Files\Oracle\Java\javapath;C:\Windows\system32;C:\Windows;C:\Windows\System32\Wbem;C:\Windows\System32\WindowsPowerShell\v1.0\;C:\Windows\System32\OpenSSH\;C:\Program Files\Git\cmd;C:\Program Files\Java\jdk-19\bin;;C:\Program Files\Git LFS;C:\Users\Ahmad\AppData\Local\Microsoft\WindowsApps;C:\Users\Ahmad\AppData\Local\Programs\Microsoft VS Code\bin;C:\Program Files\Java\jdk-19\bin
JRE paths:	C:\Program Files\Java\jdk-19;C:\Program Files\Common Files\Oracle\Java\javapath;C:\Windows\system32;C:\Windows;C:\Windows\System32\Wbem;C:\Windows\System32\WindowsPowerShell\v1.0\;C:\Windows\System32\OpenSSH\;C:\Program Files\Git\cmd;C:\Program Files\Java\jdk-19\bin;;C:\Program Files\Git LFS;C:\Users\Ahmad\AppData\Local\Microsoft\WindowsApps;C:\Users\Ahmad\AppData\Local\Programs\Microsoft VS Code\bin;C:\Program Files\Java\jdk-19\bin
Check launcher:	C:\Program Files\Java\jdk-19\bin\javaw.exe (OK)
Version string: 1.019.000_001 / 64-Bit (OK)
Launcher:	C:\Program Files\Java\jdk-19\bin\javaw.exe
Launcher args:	-jar "C:\Users\Ahmad\Desktop\FILES\My Apps\FLD Floating Dictionary - Window Version\FLD Floating Dictionary - Window Version.exe"
Args length:	129/32768 chars
Exit code:	0


Version:	3.50
CmdLine:	C:\Users\Ahmad\Desktop\FILES\My Apps\FLD Floating Dictionary - Window Version\FLD Floating Dictionary - Window Version.exe --l4j-debug
JNI:		No
WOW64:		Yes
Working dir:	C:\Users\Ahmad\Desktop\FILES\My Apps\FLD Floating Dictionary - Window Version\.
Requires JDK:	No
Requires 64-Bit: No
Java min ver:	
Java max ver:	
Substitute:	JAVA_HOME = C:\Program Files\Java\jdk-19
Substitute:	PATH = C:\Program Files\Common Files\Oracle\Java\javapath;C:\Windows\system32;C:\Windows;C:\Windows\System32\Wbem;C:\Windows\System32\WindowsPowerShell\v1.0\;C:\Windows\System32\OpenSSH\;C:\Program Files\Git\cmd;C:\Program Files\Java\jdk-19\bin;;C:\Program Files\Git LFS;C:\Users\Ahmad\AppData\Local\Microsoft\WindowsApps;C:\Users\Ahmad\AppData\Local\Programs\Microsoft VS Code\bin;C:\Program Files\Java\jdk-19\bin
JRE paths:	C:\Program Files\Java\jdk-19;C:\Program Files\Common Files\Oracle\Java\javapath;C:\Windows\system32;C:\Windows;C:\Windows\System32\Wbem;C:\Windows\System32\WindowsPowerShell\v1.0\;C:\Windows\System32\OpenSSH\;C:\Program Files\Git\cmd;C:\Program Files\Java\jdk-19\bin;;C:\Program Files\Git LFS;C:\Users\Ahmad\AppData\Local\Microsoft\WindowsApps;C:\Users\Ahmad\AppData\Local\Programs\Microsoft VS Code\bin;C:\Program Files\Java\jdk-19\bin
Check launcher:	C:\Program Files\Java\jdk-19\bin\javaw.exe (OK)
Version string: 1.019.000_001 / 64-Bit (OK)
Launcher:	C:\Program Files\Java\jdk-19\bin\javaw.exe
Launcher args:	-jar "C:\Users\Ahmad\Desktop\FILES\My Apps\FLD Floating Dictionary - Window Version\FLD Floating Dictionary - Window Version.exe"
Args length:	129/32768 chars
Exit code:	0


Version:	3.50
CmdLine:	C:\Users\Ahmad\Desktop\FILES\My Apps\FLD Floating Dictionary - Window Version\FLD Floating Dictionary - Window Version.exe --l4j-debug
JNI:		No
WOW64:		Yes
Working dir:	C:\Users\Ahmad\Desktop\FILES\My Apps\FLD Floating Dictionary - Window Version\.
Requires JDK:	No
Requires 64-Bit: No
Java min ver:	
Java max ver:	
Substitute:	JAVA_HOME = C:\Program Files\Java\jdk-19
Substitute:	PATH = C:\Program Files\Common Files\Oracle\Java\javapath;C:\Windows\system32;C:\Windows;C:\Windows\System32\Wbem;C:\Windows\System32\WindowsPowerShell\v1.0\;C:\Windows\System32\OpenSSH\;C:\Program Files\Git\cmd;C:\Program Files\Java\jdk-19\bin;;C:\Program Files\Git LFS;C:\Users\Ahmad\AppData\Local\Microsoft\WindowsApps;C:\Users\Ahmad\AppData\Local\Programs\Microsoft VS Code\bin;C:\Program Files\Java\jdk-19\bin
JRE paths:	C:\Program Files\Java\jdk-19;C:\Program Files\Common Files\Oracle\Java\javapath;C:\Windows\system32;C:\Windows;C:\Windows\System32\Wbem;C:\Windows\System32\WindowsPowerShell\v1.0\;C:\Windows\System32\OpenSSH\;C:\Program Files\Git\cmd;C:\Program Files\Java\jdk-19\bin;;C:\Program Files\Git LFS;C:\Users\Ahmad\AppData\Local\Microsoft\WindowsApps;C:\Users\Ahmad\AppData\Local\Programs\Microsoft VS Code\bin;C:\Program Files\Java\jdk-19\bin
Check launcher:	C:\Program Files\Java\jdk-19\bin\javaw.exe (OK)
Version string: 1.019.000_001 / 64-Bit (OK)
Launcher:	C:\Program Files\Java\jdk-19\bin\javaw.exe
Launcher args:	-jar "C:\Users\Ahmad\Desktop\FILES\My Apps\FLD Floating Dictionary - Window Version\FLD Floating Dictionary - Window Version.exe"
Args length:	129/32768 chars
Exit code:	0


Version:	3.50
CmdLine:	C:\Users\Ahmad\Desktop\FILES\My Apps\FLD Floating Dictionary - Window Version\FLD Floating Dictionary - Window Version.exe --l4j-debug
JNI:		No
WOW64:		Yes
Working dir:	C:\Users\Ahmad\Desktop\FILES\My Apps\FLD Floating Dictionary - Window Version\.
Requires JDK:	No
Requires 64-Bit: No
Java min ver:	
Java max ver:	
Substitute:	JAVA_HOME = C:\Program Files\Java\jdk-19
Substitute:	PATH = C:\Program Files\Common Files\Oracle\Java\javapath;C:\Windows\system32;C:\Windows;C:\Windows\System32\Wbem;C:\Windows\System32\WindowsPowerShell\v1.0\;C:\Windows\System32\OpenSSH\;C:\Program Files\Git\cmd;C:\Program Files\Java\jdk-19\bin;;C:\Program Files\Git LFS;C:\Users\Ahmad\AppData\Local\Microsoft\WindowsApps;;C:\Users\Ahmad\AppData\Local\Programs\Microsoft VS Code\bin;C:\Program Files\Java\jdk-19\bin
JRE paths:	C:\Program Files\Java\jdk-19;C:\Program Files\Common Files\Oracle\Java\javapath;C:\Windows\system32;C:\Windows;C:\Windows\System32\Wbem;C:\Windows\System32\WindowsPowerShell\v1.0\;C:\Windows\System32\OpenSSH\;C:\Program Files\Git\cmd;C:\Program Files\Java\jdk-19\bin;;C:\Program Files\Git LFS;C:\Users\Ahmad\AppData\Local\Microsoft\WindowsApps;;C:\Users\Ahmad\AppData\Local\Programs\Microsoft VS Code\bin;C:\Program Files\Java\jdk-19\bin
Check launcher:	C:\Program Files\Java\jdk-19\bin\javaw.exe (OK)
Version string: 1.019.000_001 / 64-Bit (OK)
Launcher:	C:\Program Files\Java\jdk-19\bin\javaw.exe
Launcher args:	-jar "C:\Users\Ahmad\Desktop\FILES\My Apps\FLD Floating Dictionary - Window Version\FLD Floating Dictionary - Window Version.exe"
Args length:	129/32768 chars
Exit code:	0


Version:	3.50
CmdLine:	C:\Users\Ahmad\Desktop\FILES\My Apps\FLD Floating Dictionary - Window Version\FLD Floating Dictionary - Window Version.exe --l4j-debug
JNI:		No
WOW64:		Yes
Working dir:	C:\Users\Ahmad\Desktop\FILES\My Apps\FLD Floating Dictionary - Window Version\.
Requires JDK:	No
Requires 64-Bit: No
Java min ver:	
Java max ver:	
Substitute:	JAVA_HOME = C:\Program Files\Java\jdk-19
Substitute:	PATH = C:\Program Files\Common Files\Oracle\Java\javapath;C:\Windows\system32;C:\Windows;C:\Windows\System32\Wbem;C:\Windows\System32\WindowsPowerShell\v1.0\;C:\Windows\System32\OpenSSH\;C:\Program Files\Git\cmd;C:\Program Files\Java\jdk-19\bin;;C:\Program Files\Git LFS;C:\Users\Ahmad\AppData\Local\Microsoft\WindowsApps;;C:\Users\Ahmad\AppData\Local\Programs\Microsoft VS Code\bin;C:\Program Files\Java\jdk-19\bin
JRE paths:	C:\Program Files\Java\jdk-19;C:\Program Files\Common Files\Oracle\Java\javapath;C:\Windows\system32;C:\Windows;C:\Windows\System32\Wbem;C:\Windows\System32\WindowsPowerShell\v1.0\;C:\Windows\System32\OpenSSH\;C:\Program Files\Git\cmd;C:\Program Files\Java\jdk-19\bin;;C:\Program Files\Git LFS;C:\Users\Ahmad\AppData\Local\Microsoft\WindowsApps;;C:\Users\Ahmad\AppData\Local\Programs\Microsoft VS Code\bin;C:\Program Files\Java\jdk-19\bin
Check launcher:	C:\Program Files\Java\jdk-19\bin\javaw.exe (OK)
Version string: 1.019.000_001 / 64-Bit (OK)
Launcher:	C:\Program Files\Java\jdk-19\bin\javaw.exe
Launcher args:	-jar "C:\Users\Ahmad\Desktop\FILES\My Apps\FLD Floating Dictionary - Window Version\FLD Floating Dictionary - Window Version.exe"
Args length:	129/32768 chars
Exit code:	0
